0.7147 	WARNING 	We strongly recommend you activate the PTB sound engine in PsychoPy prefs as the preferred audio engine. Its timing is vastly superior. Your prefs are currently set to use ['sounddevice', 'PTB', 'pyo', 'pygame'] (in that order).
1.9264 	WARNING 	Import Error: No module named 'psychtoolbox'. Using event module for keyboard component.
32.3683 	EXP 	Created window1 = Window(allowGUI=False, allowStencil=False, autoLog=True, backendConf=UNKNOWN, bitsMode=UNKNOWN, blendMode='avg', bpc=(8, 8, 8), color=array([0.75, 0.75, 0.75]), colorSpace='rgb', depthBits=8, fullscr=<method-wrapper '__getattribute__' of attributeSetter object at 0x7f81285d2150>, gamma=None, gammaErrorPolicy='raise', lms=UNKNOWN, monitor=<psychopy.monitors.calibTools.Monitor object at 0x7f812843c7d0>, multiSample=False, name='window1', numSamples=2, pos=[0.0, 0.0], screen=1, size=array([1920, 1080]), stencilBits=0, stereo=False, units='height', useFBO=True, useRetina=False, viewOri=0.0, viewPos=None, viewScale=None, waitBlanking=True, winType='pyglet')
32.3685 	EXP 	window1: mouseVisible = True
32.3685 	EXP 	window1: recordFrameIntervals = False
32.5338 	EXP 	window1: recordFrameIntervals = True
32.6728 	WARNING 	t of last frame was 23.24ms (=1/43)
32.7549 	WARNING 	t of last frame was 20.70ms (=1/48)
32.8723 	WARNING 	t of last frame was 22.59ms (=1/44)
33.0723 	WARNING 	t of last frame was 22.59ms (=1/44)
33.1368 	WARNING 	Multiple dropped frames have occurred - I'll stop bothering you about them!
33.3834 	EXP 	window1: recordFrameIntervals = False
33.4569 	EXP 	Created WelcomeText = TextStim(__class__=<class 'psychopy.visual.text.TextStim'>, alignHoriz=method-wrapper(...), alignText='center', alignVert=method-wrapper(...), anchorHoriz='center', anchorVert='center', antialias=True, autoLog=True, bold=False, color=array([-1, -1, -1]), colorSpace='rgb', contrast=1.0, depth=0.0, flipHoriz=False, flipVert=False, font='Open Sans', fontFiles=[], height=0.05, italic=False, languageStyle='LTR', name='WelcomeText', opacity=1, ori=0.0, pos=array([0., 0.]), rgb=UNKNOWN, text=str(...), units='height', win=Window(...), wrapWidth=1)
33.4872 	EXP 	Created InstructionsText = TextStim(__class__=<class 'psychopy.visual.text.TextStim'>, alignHoriz=method-wrapper(...), alignText='center', alignVert=method-wrapper(...), anchorHoriz='center', anchorVert='center', antialias=True, autoLog=True, bold=False, color=array([-1, -1, -1]), colorSpace='rgb', contrast=1.0, depth=0.0, flipHoriz=False, flipVert=False, font='Open Sans', fontFiles=[], height=0.05, italic=False, languageStyle='LTR', name='InstructionsText', opacity=1, ori=0.0, pos=array([0., 0.]), rgb=UNKNOWN, text=str(...), units='height', win=Window(...), wrapWidth=1)
33.4873 	EXP 	window1: units = 'pix'
33.5038 	EXP 	Created PromptToContinue = TextStim(__class__=<class 'psychopy.visual.text.TextStim'>, alignHoriz=method-wrapper(...), alignText='center', alignVert=method-wrapper(...), anchorHoriz='center', anchorVert='center', antialias=True, autoLog=True, bold=False, color=array([-1, -1, -1]), colorSpace='rgb', contrast=1.0, depth=-4.0, flipHoriz=False, flipVert=False, font='Open Sans', fontFiles=[], height=35.0, italic=False, languageStyle='LTR', name='PromptToContinue', opacity=1, ori=0.0, pos=array([-700.,  400.]), rgb=UNKNOWN, text=str(...), units='pix', win=Window(...), wrapWidth=500)
33.5047 	EXP 	Created PromptToSelect = TextStim(__class__=<class 'psychopy.visual.text.TextStim'>, alignHoriz=method-wrapper(...), alignText='center', alignVert=method-wrapper(...), anchorHoriz='center', anchorVert='center', antialias=True, autoLog=True, bold=False, color=array([-1, -1, -1]), colorSpace='rgb', contrast=1.0, depth=-2.0, flipHoriz=False, flipVert=False, font='Open Sans', fontFiles=[], height=35.0, italic=False, languageStyle='LTR', name='PromptToSelect', opacity=1, ori=0.0, pos=array([-700.,  400.]), rgb=UNKNOWN, text='', units='pix', win=Window(...), wrapWidth=500)
33.5213 	EXP 	Created TimingText = TextStim(__class__=<class 'psychopy.visual.text.TextStim'>, alignHoriz=method-wrapper(...), alignText='center', alignVert=method-wrapper(...), anchorHoriz='center', anchorVert='center', antialias=True, autoLog=True, bold=False, color=array([-1, -1, -1]), colorSpace='rgb', contrast=1.0, depth=0.0, flipHoriz=False, flipVert=False, font='Open Sans', fontFiles=[], height=30.0, italic=False, languageStyle='LTR', name='TimingText', opacity=1, ori=0.0, pos=array([0., 0.]), rgb=UNKNOWN, text='Press the space bar to see the next display.', units='pix', win=Window(...), wrapWidth=500)
33.5364 	EXP 	Created EndingText = TextStim(__class__=<class 'psychopy.visual.text.TextStim'>, alignHoriz=method-wrapper(...), alignText='center', alignVert=method-wrapper(...), anchorHoriz='center', anchorVert='center', antialias=True, autoLog=True, bold=False, color=array([-1, -1, -1]), colorSpace='rgb', contrast=1.0, depth=0.0, flipHoriz=False, flipVert=False, font='Open Sans', fontFiles=[], height=24.0, italic=False, languageStyle='LTR', name='EndingText', opacity=1, ori=0.0, pos=array([0., 0.]), rgb=UNKNOWN, text=str(...), units='pix', win=Window(...), wrapWidth=500)
33.5462 	EXP 	WelcomeText: autoDraw = True
83.0683 	DATA 	Mouse: Left button down, pos=(1012,596)
83.1185 	DATA 	Mouse:  Left button up, pos=(1012,596)
85.2908 	DATA 	Keypress: space
85.5206 	DATA 	Keypress: space
85.7538 	DATA 	Keypress: space
85.9349 	DATA 	Keypress: space
91.3026 	DATA 	Keypress: q
91.3196 	EXP 	WelcomeText: autoDraw = False
91.3196 	EXP 	InstructionsText: autoDraw = True
2408.9164 	DATA 	Mouse: Left button down, pos=(1262,526)
2408.9486 	DATA 	Mouse:  Left button up, pos=(1262,526)
2409.2462 	DATA 	Keypress: escape
2409.2599 	EXP 	window1: mouseVisible = True
