0.3148 	WARNING 	We strongly recommend you activate the PTB sound engine in PsychoPy prefs as the preferred audio engine. Its timing is vastly superior. Your prefs are currently set to use ['sounddevice', 'PTB', 'pyo', 'pygame'] (in that order).
10.8812 	WARNING 	Requested an unavailable screen number - using first available.
10.8828 	WARNING 	User requested fullscreen with size [1536  864], but screen is actually [1440, 900]. Using actual size
11.8559 	EXP 	Created window1 = Window(allowGUI=False, allowStencil=False, autoLog=True, backendConf=UNKNOWN, bitsMode=UNKNOWN, blendMode='avg', bpc=(8, 8, 8), color=array([0.75, 0.75, 0.75]), colorSpace='rgb', depthBits=8, fullscr=<method-wrapper '__getattribute__' of attributeSetter object at 0x7f8f023924e0>, gamma=None, gammaErrorPolicy='raise', lms=UNKNOWN, monitor=<psychopy.monitors.calibTools.Monitor object at 0x7f8f10c18470>, multiSample=False, name='window1', numSamples=2, pos=[360.0, 225.0], screen=1, size=array([2880, 1800]), stencilBits=0, stereo=False, units='height', useFBO=True, useRetina=True, viewOri=0.0, viewPos=None, viewScale=None, waitBlanking=True, winType='pyglet')
11.8561 	EXP 	window1: mouseVisible = True
11.8562 	EXP 	window1: recordFrameIntervals = False
12.0201 	EXP 	window1: recordFrameIntervals = True
12.2200 	EXP 	window1: recordFrameIntervals = False
12.7960 	EXP 	Created WelcomeText = TextStim(__class__=<class 'psychopy.visual.text.TextStim'>, alignHoriz=method-wrapper(...), alignText='center', alignVert=method-wrapper(...), anchorHoriz='center', anchorVert='center', antialias=True, autoLog=True, bold=False, color=array([-1, -1, -1]), colorSpace='rgb', contrast=1.0, depth=0.0, flipHoriz=False, flipVert=False, font='Open Sans', fontFiles=[], height=0.05, italic=False, languageStyle='LTR', name='WelcomeText', opacity=1, ori=0.0, pos=array([0., 0.]), rgb=UNKNOWN, text=str(...), units='height', win=Window(...), wrapWidth=1)
13.7899 	EXP 	Created DemoText = TextStim(__class__=<class 'psychopy.visual.text.TextStim'>, alignHoriz=method-wrapper(...), alignText='center', alignVert=method-wrapper(...), anchorHoriz='center', anchorVert='center', antialias=True, autoLog=True, bold=False, color=array([-1, -1, -1]), colorSpace='rgb', contrast=1.0, depth=-1.0, flipHoriz=False, flipVert=False, font='Open Sans', fontFiles=[], height=35.0, italic=False, languageStyle='LTR', name='DemoText', opacity=1, ori=0.0, pos=array([-700.,  400.]), rgb=UNKNOWN, text=str(...), units='pix', win=Window(...), wrapWidth=500)
13.8104 	EXP 	Created InstructionsText = TextStim(__class__=<class 'psychopy.visual.text.TextStim'>, alignHoriz=method-wrapper(...), alignText='center', alignVert=method-wrapper(...), anchorHoriz='center', anchorVert='center', antialias=True, autoLog=True, bold=False, color=array([-1, -1, -1]), colorSpace='rgb', contrast=1.0, depth=0.0, flipHoriz=False, flipVert=False, font='Open Sans', fontFiles=[], height=0.05, italic=False, languageStyle='LTR', name='InstructionsText', opacity=1, ori=0.0, pos=array([0., 0.]), rgb=UNKNOWN, text=str(...), units='height', win=Window(...), wrapWidth=1)
14.3002 	EXP 	window1: units = 'pix'
14.7893 	EXP 	Created PromptToContinue = TextStim(__class__=<class 'psychopy.visual.text.TextStim'>, alignHoriz=method-wrapper(...), alignText='center', alignVert=method-wrapper(...), anchorHoriz='center', anchorVert='center', antialias=True, autoLog=True, bold=False, color=array([-1, -1, -1]), colorSpace='rgb', contrast=1.0, depth=-4.0, flipHoriz=False, flipVert=False, font='Open Sans', fontFiles=[], height=35.0, italic=False, languageStyle='LTR', name='PromptToContinue', opacity=1, ori=0.0, pos=array([-700.,  400.]), rgb=UNKNOWN, text=str(...), units='pix', win=Window(...), wrapWidth=500)
15.2725 	EXP 	Created PromptToSelect = TextStim(__class__=<class 'psychopy.visual.text.TextStim'>, alignHoriz=method-wrapper(...), alignText='center', alignVert=method-wrapper(...), anchorHoriz='center', anchorVert='center', antialias=True, autoLog=True, bold=False, color=array([-1, -1, -1]), colorSpace='rgb', contrast=1.0, depth=-2.0, flipHoriz=False, flipVert=False, font='Open Sans', fontFiles=[], height=35.0, italic=False, languageStyle='LTR', name='PromptToSelect', opacity=1, ori=0.0, pos=array([-700.,  400.]), rgb=UNKNOWN, text='', units='pix', win=Window(...), wrapWidth=500)
15.2731 	EXP 	Created TimingText = TextStim(__class__=<class 'psychopy.visual.text.TextStim'>, alignHoriz=method-wrapper(...), alignText='center', alignVert=method-wrapper(...), anchorHoriz='center', anchorVert='center', antialias=True, autoLog=True, bold=False, color=array([-1, -1, -1]), colorSpace='rgb', contrast=1.0, depth=-1.0, flipHoriz=False, flipVert=False, font='Open Sans', fontFiles=[], height=30.0, italic=False, languageStyle='LTR', name='TimingText', opacity=1, ori=0.0, pos=array([0., 0.]), rgb=UNKNOWN, text='', units='pix', win=Window(...), wrapWidth=500)
15.7662 	EXP 	Created EndingText = TextStim(__class__=<class 'psychopy.visual.text.TextStim'>, alignHoriz=method-wrapper(...), alignText='center', alignVert=method-wrapper(...), anchorHoriz='center', anchorVert='center', antialias=True, autoLog=True, bold=False, color=array([-1, -1, -1]), colorSpace='rgb', contrast=1.0, depth=0.0, flipHoriz=False, flipVert=False, font='Open Sans', fontFiles=[], height=24.0, italic=False, languageStyle='LTR', name='EndingText', opacity=1, ori=0.0, pos=array([0., 0.]), rgb=UNKNOWN, text=str(...), units='pix', win=Window(...), wrapWidth=500)
15.7711 	DATA 	Mouse: wheel shift=(0,0), pos=(775,480)
15.7712 	DATA 	Mouse: wheel shift=(0,0), pos=(775,480)
15.7713 	DATA 	Mouse: wheel shift=(0,0), pos=(775,480)
15.7796 	EXP 	WelcomeText: autoDraw = True
16.2219 	DATA 	Mouse: wheel shift=(0,0), pos=(775,480)
17.7762 	DATA 	Keypress: space
20.7917 	DATA 	Keypress: space
23.9893 	DATA 	Keypress: space
24.7931 	DATA 	Keypress: space
25.0252 	DATA 	Keypress: space
25.2414 	DATA 	Keypress: space
25.4216 	DATA 	Keypress: space
25.6214 	DATA 	Keypress: space
30.4048 	DATA 	Keypress: space
30.6049 	DATA 	Keypress: space
35.9050 	DATA 	Keypress: space
36.1248 	DATA 	Keypress: space
36.2889 	DATA 	Keypress: space
38.2760 	EXP 	Created unnamed Line = Line(__class__=<class 'psychopy.visual.line.Line'>, autoDraw=False, autoLog=True, closeShape=False, color=array([-1, -1, -1]), colorSpace='rgb', contrast=None, depth=0, fillColor=array([0, 0, 0]), fillColorSpace='rgb', fillRGB=UNKNOWN, interpolate=True, lineColor=array([-1, -1, -1]), lineColorSpace='rgb', lineRGB=UNKNOWN, lineWidth=2.3333333, name='unnamed Line', opacity=0.5, ori=0.0, pos=array([0., 0.]), size=array([1., 1.]), units='pix', vertices=array([[-0.5, -0.5],
       [ 0.5,  0.5]]), win=Window(...), windingRule=None)
38.2915 	EXP 	window1: mouseVisible = True
